<?xml version="1.0" encoding="UTF-8"?>
<!-- Generated by org.testng.reporters.JUnitReportReporter -->
<testsuite hostname="DESKTOP-QNHJ5Q7" failures="0" tests="3" name="sel1.CrossBr" time="71.029" errors="0" timestamp="2023-04-13T03:44:43 PDT" skipped="0">
  <testcase classname="sel1.CrossBr" name="petStoreTC1" time="24.764"/>
  <system-out/>
  <testcase classname="sel1.CrossBr" name="petStoreTC1" time="21.825"/>
  <system-out/>
  <testcase classname="sel1.CrossBr" name="petStoreTC1" time="24.440"/>
  <system-out/>
</testsuite> <!-- sel1.CrossBr -->
